Nov 15 2016 10:03:02
{"action":"ai1wm_export","options":{"replace":{"old_value":[""],"new_value":[""]}},"ai1wm_manual_export":"1","storage":"0vdnl4ezj1xy","secret_key":"4teD02VjLZaH","archive":"buffpod.com-20161115-100302-835.wpress"}

Nov 15 2016 10:03:04
{"action":"ai1wm_export","options":{"replace":{"old_value":[""],"new_value":[""]}},"ai1wm_manual_export":"1","storage":"0vdnl4ezj1xy","secret_key":"4teD02VjLZaH","archive":"buffpod.com-20161115-100302-835.wpress","priority":"10"}

Nov 15 2016 10:03:05
{"action":"ai1wm_export","options":{"replace":{"old_value":[""],"new_value":[""]}},"ai1wm_manual_export":"1","storage":"0vdnl4ezj1xy","secret_key":"4teD02VjLZaH","archive":"buffpod.com-20161115-100302-835.wpress","priority":"50"}

Nov 15 2016 10:03:21
{"action":"ai1wm_export","options":{"replace":{"old_value":[""],"new_value":[""]}},"ai1wm_manual_export":"1","storage":"0vdnl4ezj1xy","secret_key":"4teD02VjLZaH","archive":"buffpod.com-20161115-100302-835.wpress","priority":"100","total_files":5256,"total_size":108875768}

Nov 15 2016 10:03:34
{"action":"ai1wm_export","options":{"replace":{"old_value":[""],"new_value":[""]}},"ai1wm_manual_export":"1","storage":"0vdnl4ezj1xy","secret_key":"4teD02VjLZaH","archive":"buffpod.com-20161115-100302-835.wpress","priority":"150","total_files":"5256","total_size":"108875768","current_filesize":0,"content_offset":0,"filemap_offset":16916,"processed":4429040,"completed":false}

Nov 15 2016 10:03:45
{"action":"ai1wm_export","options":{"replace":{"old_value":[""],"new_value":[""]}},"ai1wm_manual_export":"1","storage":"0vdnl4ezj1xy","secret_key":"4teD02VjLZaH","archive":"buffpod.com-20161115-100302-835.wpress","priority":"150","total_files":"5256","total_size":"108875768","current_filesize":0,"content_offset":0,"filemap_offset":21976,"processed":8635025,"completed":false}

Nov 15 2016 10:03:57
{"action":"ai1wm_export","options":{"replace":{"old_value":[""],"new_value":[""]}},"ai1wm_manual_export":"1","storage":"0vdnl4ezj1xy","secret_key":"4teD02VjLZaH","archive":"buffpod.com-20161115-100302-835.wpress","priority":"150","total_files":"5256","total_size":"108875768","current_filesize":0,"content_offset":0,"filemap_offset":29231,"processed":13363629,"completed":false}

Nov 15 2016 10:04:09
{"action":"ai1wm_export","options":{"replace":{"old_value":[""],"new_value":[""]}},"ai1wm_manual_export":"1","storage":"0vdnl4ezj1xy","secret_key":"4teD02VjLZaH","archive":"buffpod.com-20161115-100302-835.wpress","priority":"150","total_files":"5256","total_size":"108875768","current_filesize":0,"content_offset":0,"filemap_offset":37501,"processed":17729841,"completed":false}

Nov 15 2016 10:04:21
{"action":"ai1wm_export","options":{"replace":{"old_value":[""],"new_value":[""]}},"ai1wm_manual_export":"1","storage":"0vdnl4ezj1xy","secret_key":"4teD02VjLZaH","archive":"buffpod.com-20161115-100302-835.wpress","priority":"150","total_files":"5256","total_size":"108875768","current_filesize":0,"content_offset":0,"filemap_offset":51788,"processed":21477946,"completed":false}

Nov 15 2016 10:04:33
{"action":"ai1wm_export","options":{"replace":{"old_value":[""],"new_value":[""]}},"ai1wm_manual_export":"1","storage":"0vdnl4ezj1xy","secret_key":"4teD02VjLZaH","archive":"buffpod.com-20161115-100302-835.wpress","priority":"150","total_files":"5256","total_size":"108875768","current_filesize":0,"content_offset":0,"filemap_offset":67047,"processed":25293541,"completed":false}

Nov 15 2016 10:04:46
{"action":"ai1wm_export","options":{"replace":{"old_value":[""],"new_value":[""]}},"ai1wm_manual_export":"1","storage":"0vdnl4ezj1xy","secret_key":"4teD02VjLZaH","archive":"buffpod.com-20161115-100302-835.wpress","priority":"150","total_files":"5256","total_size":"108875768","current_filesize":0,"content_offset":0,"filemap_offset":76923,"processed":30111305,"completed":false}

Nov 15 2016 10:04:58
{"action":"ai1wm_export","options":{"replace":{"old_value":[""],"new_value":[""]}},"ai1wm_manual_export":"1","storage":"0vdnl4ezj1xy","secret_key":"4teD02VjLZaH","archive":"buffpod.com-20161115-100302-835.wpress","priority":"150","total_files":"5256","total_size":"108875768","current_filesize":0,"content_offset":0,"filemap_offset":91816,"processed":33785735,"completed":false}

Nov 15 2016 10:05:10
{"action":"ai1wm_export","options":{"replace":{"old_value":[""],"new_value":[""]}},"ai1wm_manual_export":"1","storage":"0vdnl4ezj1xy","secret_key":"4teD02VjLZaH","archive":"buffpod.com-20161115-100302-835.wpress","priority":"150","total_files":"5256","total_size":"108875768","current_filesize":0,"content_offset":0,"filemap_offset":108199,"processed":37606082,"completed":false}

Nov 15 2016 10:05:21
{"action":"ai1wm_export","options":{"replace":{"old_value":[""],"new_value":[""]}},"ai1wm_manual_export":"1","storage":"0vdnl4ezj1xy","secret_key":"4teD02VjLZaH","archive":"buffpod.com-20161115-100302-835.wpress","priority":"150","total_files":"5256","total_size":"108875768","current_filesize":0,"content_offset":0,"filemap_offset":154074,"processed":40069934,"completed":false}

Nov 15 2016 10:05:33
{"action":"ai1wm_export","options":{"replace":{"old_value":[""],"new_value":[""]}},"ai1wm_manual_export":"1","storage":"0vdnl4ezj1xy","secret_key":"4teD02VjLZaH","archive":"buffpod.com-20161115-100302-835.wpress","priority":"150","total_files":"5256","total_size":"108875768","current_filesize":0,"content_offset":0,"filemap_offset":158355,"processed":44684987,"completed":false}

